<?xml version="1.0" encoding="UTF-8"?>
<!-- Generated by org.testng.reporters.JUnitXMLReporter -->
<testsuite ignored="3" hostname="DESKTOP-DP9G6K4" failures="0" tests="2" name="Test" time="11.397" errors="0" timestamp="2025-05-28T13:06:24 IST">
  <testcase classname="locators.NewTest8" name="facebook" time="3.664"/>
  <testcase classname="locators.NewTest8" name="selenium" time="1.928"/>
  <testcase classname="locators.NewTest8" name="google" time="0.0">
    <ignored/>
  </testcase> <!-- google -->
  <testcase classname="locators.NewTest8" name="redmine" time="0.0">
    <ignored/>
  </testcase> <!-- redmine -->
  <testcase classname="locators.NewTest8" name="gmail" time="0.0">
    <ignored/>
  </testcase> <!-- gmail -->
</testsuite> <!-- Test -->
