<?xml version="1.0" encoding="UTF-8"?>
<testng-results ignored="0" total="2" passed="2" failed="0" skipped="0">
  <reporter-output>
  </reporter-output>
  <suite started-at="2025-05-28T13:09:07 IST" name="Default suite" finished-at="2025-05-28T13:09:17 IST" duration-ms="10112">
    <groups>
    </groups>
    <test started-at="2025-05-28T13:09:07 IST" name="Default test" finished-at="2025-05-28T13:09:17 IST" duration-ms="10112">
      <class name="locators.NewTest5">
        <test-method is-config="true" signature="beforeTest()[pri:0, instance:locators.NewTest5@5dda768f]" started-at="2025-05-28T13:09:07 IST" name="beforeTest" finished-at="2025-05-28T13:09:11 IST" duration-ms="4308" status="PASS">
          <reporter-output>
          </reporter-output>
        </test-method> <!-- beforeTest -->
        <test-method signature="method2()[pri:0, instance:locators.NewTest5@5dda768f]" started-at="2025-05-28T13:09:11 IST" name="method2" finished-at="2025-05-28T13:09:17 IST" duration-ms="5124" status="PASS">
          <reporter-output>
          </reporter-output>
        </test-method> <!-- method2 -->
        <test-method signature="method1()[pri:0, instance:locators.NewTest5@5dda768f]" started-at="2025-05-28T13:09:17 IST" name="method1" finished-at="2025-05-28T13:09:17 IST" depends-on-methods="locators.NewTest5.method2" duration-ms="530" status="PASS">
          <reporter-output>
          </reporter-output>
        </test-method> <!-- method1 -->
      </class> <!-- locators.NewTest5 -->
    </test> <!-- Default test -->
  </suite> <!-- Default suite -->
</testng-results>
